=== Debug Log Started 2025-12-09 02:08:07 ===
[02:08:09.048] [INFO] Cursor sync modal started (5ms interval)
[02:08:09.104] [CURSOR] MODAL_CURSOR frame=29
[02:08:11.908] [CURSOR] MODAL_CURSOR frame=0
[02:08:19.541] [BAKE] BAKE frames=223 offset_range=min=-0.6376 max=0.9075
[02:08:19.550] [BAKE] Setup driver on delta_location.z using namespace function
[02:08:23.363] [CURSOR] HANDLER_CURSOR frame=1
[02:08:23.424] [CURSOR] HANDLER_CURSOR frame=2
[02:08:23.486] [CURSOR] HANDLER_CURSOR frame=3
[02:08:23.536] [CURSOR] HANDLER_CURSOR frame=4
[02:08:23.587] [CURSOR] HANDLER_CURSOR frame=5
[02:08:23.638] [CURSOR] HANDLER_CURSOR frame=6
[02:08:23.686] [CURSOR] HANDLER_CURSOR frame=7
[02:08:23.733] [CURSOR] HANDLER_CURSOR frame=8
[02:08:23.780] [CURSOR] HANDLER_CURSOR frame=9
[02:08:23.832] [CURSOR] HANDLER_CURSOR frame=10
[02:08:23.883] [CURSOR] HANDLER_CURSOR frame=11
[02:08:23.935] [CURSOR] HANDLER_CURSOR frame=12
[02:08:23.990] [CURSOR] HANDLER_CURSOR frame=13
[02:08:24.046] [CURSOR] HANDLER_CURSOR frame=14
[02:08:24.096] [CURSOR] HANDLER_CURSOR frame=15
[02:08:24.145] [CURSOR] HANDLER_CURSOR frame=16
[02:08:24.194] [CURSOR] HANDLER_CURSOR frame=17
[02:08:24.246] [CURSOR] HANDLER_CURSOR frame=18
[02:08:24.296] [CURSOR] HANDLER_CURSOR frame=19
[02:08:24.349] [CURSOR] HANDLER_CURSOR frame=20
[02:08:24.410] [CURSOR] HANDLER_CURSOR frame=21
[02:08:24.483] [CURSOR] HANDLER_CURSOR frame=22
[02:08:24.548] [CURSOR] HANDLER_CURSOR frame=23
[02:08:24.601] [CURSOR] HANDLER_CURSOR frame=24
[02:08:24.660] [CURSOR] HANDLER_CURSOR frame=25
[02:08:24.729] [CURSOR] HANDLER_CURSOR frame=26
[02:08:24.800] [CURSOR] HANDLER_CURSOR frame=27
[02:08:24.867] [CURSOR] HANDLER_CURSOR frame=28
[02:08:24.936] [CURSOR] HANDLER_CURSOR frame=29
[02:08:25.001] [CURSOR] HANDLER_CURSOR frame=30
[02:08:25.071] [CURSOR] HANDLER_CURSOR frame=31
[02:08:25.127] [CURSOR] HANDLER_CURSOR frame=32
[02:08:25.187] [CURSOR] HANDLER_CURSOR frame=33
[02:08:25.254] [CURSOR] HANDLER_CURSOR frame=34
[02:08:25.315] [CURSOR] HANDLER_CURSOR frame=35
[02:08:25.372] [CURSOR] HANDLER_CURSOR frame=36
[02:08:25.433] [CURSOR] HANDLER_CURSOR frame=37
[02:08:25.507] [CURSOR] HANDLER_CURSOR frame=38
[02:08:25.568] [CURSOR] HANDLER_CURSOR frame=39
[02:08:25.625] [CURSOR] HANDLER_CURSOR frame=40
[02:08:25.692] [CURSOR] HANDLER_CURSOR frame=41
[02:08:25.754] [CURSOR] HANDLER_CURSOR frame=42
[02:08:25.816] [CURSOR] HANDLER_CURSOR frame=43
[02:08:25.877] [CURSOR] HANDLER_CURSOR frame=44
[02:08:25.944] [CURSOR] HANDLER_CURSOR frame=45
[02:08:26.012] [CURSOR] HANDLER_CURSOR frame=46
[02:08:26.079] [CURSOR] HANDLER_CURSOR frame=47
[02:08:26.137] [CURSOR] HANDLER_CURSOR frame=48
[02:08:26.198] [CURSOR] HANDLER_CURSOR frame=49
[02:08:26.262] [CURSOR] HANDLER_CURSOR frame=50
[02:08:26.318] [CURSOR] HANDLER_CURSOR frame=51
[02:08:26.353] [ONION] DRAW current=51 onion=0 z_offset=0.0101 strokes=1
[02:08:26.378] [CURSOR] HANDLER_CURSOR frame=52
[02:08:26.417] [ONION] DRAW current=52 onion=0 z_offset=0.0101 strokes=1
[02:08:26.444] [CURSOR] HANDLER_CURSOR frame=53
[02:08:26.485] [ONION] DRAW current=53 onion=0 z_offset=0.0101 strokes=1
[02:08:26.512] [CURSOR] HANDLER_CURSOR frame=54
[02:08:26.555] [ONION] DRAW current=54 onion=0 z_offset=0.0101 strokes=1
[02:08:26.581] [CURSOR] HANDLER_CURSOR frame=55
[02:08:26.619] [ONION] DRAW current=55 onion=0 z_offset=0.0101 strokes=1
[02:08:26.646] [CURSOR] HANDLER_CURSOR frame=56
[02:08:26.686] [ONION] DRAW current=56 onion=0 z_offset=0.0101 strokes=1
[02:08:26.713] [CURSOR] HANDLER_CURSOR frame=57
[02:08:26.760] [ONION] DRAW current=57 onion=0 z_offset=0.0101 strokes=1
[02:08:26.787] [CURSOR] HANDLER_CURSOR frame=58
[02:08:26.825] [ONION] DRAW current=58 onion=0 z_offset=0.0101 strokes=1
[02:08:26.852] [CURSOR] HANDLER_CURSOR frame=59
[02:08:26.889] [ONION] DRAW current=59 onion=0 z_offset=0.0101 strokes=1
[02:08:26.916] [CURSOR] HANDLER_CURSOR frame=60
[02:08:26.960] [ONION] DRAW current=60 onion=0 z_offset=0.0101 strokes=1
[02:08:26.988] [CURSOR] HANDLER_CURSOR frame=61
[02:08:27.034] [ONION] DRAW current=61 onion=0 z_offset=0.0101 strokes=1
[02:08:27.064] [CURSOR] HANDLER_CURSOR frame=62
[02:08:27.103] [ONION] DRAW current=62 onion=0 z_offset=0.0101 strokes=1
[02:08:27.129] [CURSOR] HANDLER_CURSOR frame=63
[02:08:27.178] [ONION] DRAW current=63 onion=0 z_offset=0.0101 strokes=1
[02:08:27.205] [CURSOR] HANDLER_CURSOR frame=64
[02:08:27.248] [ONION] DRAW current=64 onion=0 z_offset=0.0101 strokes=1
[02:08:27.275] [CURSOR] HANDLER_CURSOR frame=65
[02:08:27.322] [ONION] DRAW current=65 onion=0 z_offset=0.0101 strokes=1
[02:08:27.349] [CURSOR] HANDLER_CURSOR frame=66
[02:08:27.396] [ONION] DRAW current=66 onion=0 z_offset=0.0101 strokes=1
[02:08:27.423] [CURSOR] HANDLER_CURSOR frame=67
[02:08:27.473] [ONION] DRAW current=67 onion=0 z_offset=0.0101 strokes=1
[02:08:27.502] [CURSOR] HANDLER_CURSOR frame=68
[02:08:27.550] [ONION] DRAW current=68 onion=0 z_offset=0.0101 strokes=1
[02:08:27.582] [CURSOR] HANDLER_CURSOR frame=69
[02:08:27.626] [ONION] DRAW current=69 onion=0 z_offset=0.0101 strokes=1
[02:08:27.652] [CURSOR] HANDLER_CURSOR frame=70
[02:08:27.690] [ONION] DRAW current=70 onion=0 z_offset=0.0101 strokes=1
[02:08:27.718] [CURSOR] HANDLER_CURSOR frame=71
[02:08:27.760] [ONION] DRAW current=71 onion=0 z_offset=0.0101 strokes=1
[02:08:27.786] [CURSOR] HANDLER_CURSOR frame=72
[02:08:27.829] [ONION] DRAW current=72 onion=51 z_offset=-0.0000 strokes=1
[02:08:27.838] [ONION] DRAW current=72 onion=0 z_offset=0.0101 strokes=1
[02:08:27.865] [CURSOR] HANDLER_CURSOR frame=73
[02:08:27.908] [ONION] DRAW current=73 onion=51 z_offset=-0.0000 strokes=1
[02:08:27.917] [ONION] DRAW current=73 onion=0 z_offset=0.0101 strokes=1
[02:08:27.943] [CURSOR] HANDLER_CURSOR frame=74
[02:08:27.988] [ONION] DRAW current=74 onion=51 z_offset=-0.0000 strokes=1
[02:08:28.001] [ONION] DRAW current=74 onion=0 z_offset=0.0101 strokes=1
[02:08:28.028] [CURSOR] HANDLER_CURSOR frame=75
[02:08:28.080] [ONION] DRAW current=75 onion=51 z_offset=-0.0000 strokes=1
[02:08:28.092] [ONION] DRAW current=75 onion=0 z_offset=0.0101 strokes=1
[02:08:28.120] [CURSOR] HANDLER_CURSOR frame=76
[02:08:28.163] [ONION] DRAW current=76 onion=51 z_offset=-0.0000 strokes=1
[02:08:28.173] [ONION] DRAW current=76 onion=0 z_offset=0.0101 strokes=1
[02:08:28.201] [CURSOR] HANDLER_CURSOR frame=77
[02:08:28.240] [ONION] DRAW current=77 onion=51 z_offset=-0.0000 strokes=1
[02:08:28.251] [ONION] DRAW current=77 onion=0 z_offset=0.0101 strokes=1
[02:08:28.276] [CURSOR] HANDLER_CURSOR frame=78
[02:08:28.317] [ONION] DRAW current=78 onion=51 z_offset=-0.0000 strokes=1
[02:08:28.327] [ONION] DRAW current=78 onion=0 z_offset=0.0101 strokes=1
[02:08:28.355] [CURSOR] HANDLER_CURSOR frame=79
[02:08:28.403] [ONION] DRAW current=79 onion=51 z_offset=-0.0000 strokes=1
[02:08:28.414] [ONION] DRAW current=79 onion=0 z_offset=0.0101 strokes=1
[02:08:28.438] [CURSOR] HANDLER_CURSOR frame=80
[02:08:28.479] [ONION] DRAW current=80 onion=51 z_offset=-0.0000 strokes=1
[02:08:28.489] [ONION] DRAW current=80 onion=0 z_offset=0.0101 strokes=1
[02:08:28.514] [CURSOR] HANDLER_CURSOR frame=81
[02:08:28.556] [ONION] DRAW current=81 onion=51 z_offset=-0.0000 strokes=1
[02:08:28.566] [ONION] DRAW current=81 onion=0 z_offset=0.0101 strokes=1
[02:08:28.594] [CURSOR] HANDLER_CURSOR frame=82
[02:08:28.646] [ONION] DRAW current=82 onion=51 z_offset=-0.0000 strokes=1
[02:08:28.655] [ONION] DRAW current=82 onion=0 z_offset=0.0101 strokes=1
[02:08:28.683] [CURSOR] HANDLER_CURSOR frame=83
[02:08:28.725] [ONION] DRAW current=83 onion=51 z_offset=-0.0000 strokes=1
[02:08:28.735] [ONION] DRAW current=83 onion=0 z_offset=0.0101 strokes=1
[02:08:28.758] [CURSOR] HANDLER_CURSOR frame=84
[02:08:28.798] [ONION] DRAW current=84 onion=51 z_offset=-0.0000 strokes=1
[02:08:28.808] [ONION] DRAW current=84 onion=0 z_offset=0.0101 strokes=1
[02:08:28.832] [CURSOR] HANDLER_CURSOR frame=85
[02:08:28.872] [ONION] DRAW current=85 onion=51 z_offset=-0.0000 strokes=1
[02:08:28.881] [ONION] DRAW current=85 onion=0 z_offset=0.0101 strokes=1
[02:08:28.908] [CURSOR] HANDLER_CURSOR frame=86
[02:08:28.948] [ONION] DRAW current=86 onion=51 z_offset=-0.0000 strokes=1
[02:08:28.958] [ONION] DRAW current=86 onion=0 z_offset=0.0101 strokes=1
[02:08:28.985] [CURSOR] HANDLER_CURSOR frame=87
[02:08:29.024] [ONION] DRAW current=87 onion=51 z_offset=-0.0000 strokes=1
[02:08:29.033] [ONION] DRAW current=87 onion=0 z_offset=0.0101 strokes=1
[02:08:29.061] [CURSOR] HANDLER_CURSOR frame=88
[02:08:29.100] [ONION] DRAW current=88 onion=51 z_offset=-0.0000 strokes=1
[02:08:29.112] [ONION] DRAW current=88 onion=0 z_offset=0.0101 strokes=1
[02:08:29.140] [CURSOR] HANDLER_CURSOR frame=89
[02:08:29.181] [ONION] DRAW current=89 onion=51 z_offset=-0.0000 strokes=1
[02:08:29.192] [ONION] DRAW current=89 onion=0 z_offset=0.0101 strokes=1
[02:08:29.220] [CURSOR] HANDLER_CURSOR frame=90
[02:08:29.264] [ONION] DRAW current=90 onion=51 z_offset=-0.0000 strokes=1
[02:08:29.278] [ONION] DRAW current=90 onion=0 z_offset=0.0101 strokes=1
[02:08:29.304] [CURSOR] HANDLER_CURSOR frame=91
[02:08:29.343] [ONION] DRAW current=91 onion=51 z_offset=-0.0000 strokes=1
[02:08:29.353] [ONION] DRAW current=91 onion=0 z_offset=0.0101 strokes=1
[02:08:29.380] [CURSOR] HANDLER_CURSOR frame=92
[02:08:29.420] [ONION] DRAW current=92 onion=51 z_offset=-0.0000 strokes=1
[02:08:29.430] [ONION] DRAW current=92 onion=0 z_offset=0.0101 strokes=1
[02:08:29.458] [CURSOR] HANDLER_CURSOR frame=93
[02:08:29.481] [ONION] DRAW current=93 onion=51 z_offset=-0.0000 strokes=1
[02:08:29.492] [ONION] DRAW current=93 onion=0 z_offset=0.0101 strokes=1
[02:08:29.518] [CURSOR] HANDLER_CURSOR frame=94
[02:08:29.541] [ONION] DRAW current=94 onion=51 z_offset=-0.0000 strokes=1
[02:08:29.550] [ONION] DRAW current=94 onion=0 z_offset=0.0101 strokes=1
[02:08:29.579] [CURSOR] HANDLER_CURSOR frame=95
[02:08:29.606] [ONION] DRAW current=95 onion=51 z_offset=-0.0000 strokes=1
[02:08:29.618] [ONION] DRAW current=95 onion=0 z_offset=0.0101 strokes=1
[02:08:29.652] [CURSOR] HANDLER_CURSOR frame=96
[02:08:29.677] [ONION] DRAW current=96 onion=51 z_offset=-0.0000 strokes=1
[02:08:29.686] [ONION] DRAW current=96 onion=0 z_offset=0.0101 strokes=1
[02:08:29.712] [CURSOR] HANDLER_CURSOR frame=97
[02:08:29.734] [ONION] DRAW current=97 onion=51 z_offset=-0.0000 strokes=1
[02:08:29.744] [ONION] DRAW current=97 onion=0 z_offset=0.0101 strokes=1
[02:08:29.768] [CURSOR] HANDLER_CURSOR frame=98
[02:08:29.791] [ONION] DRAW current=98 onion=51 z_offset=-0.0000 strokes=1
[02:08:29.802] [ONION] DRAW current=98 onion=0 z_offset=0.0101 strokes=1
[02:08:29.827] [CURSOR] HANDLER_CURSOR frame=99
[02:08:29.850] [ONION] DRAW current=99 onion=51 z_offset=-0.0000 strokes=1
[02:08:29.860] [ONION] DRAW current=99 onion=0 z_offset=0.0101 strokes=1
[02:08:29.886] [CURSOR] HANDLER_CURSOR frame=100
[02:08:29.908] [ONION] DRAW current=100 onion=51 z_offset=-0.0000 strokes=1
[02:08:29.920] [ONION] DRAW current=100 onion=0 z_offset=0.0101 strokes=1
[02:08:29.949] [CURSOR] HANDLER_CURSOR frame=101
[02:08:29.973] [ONION] DRAW current=101 onion=51 z_offset=-0.0000 strokes=1
[02:08:29.983] [ONION] DRAW current=101 onion=0 z_offset=0.0101 strokes=1
[02:08:30.011] [CURSOR] HANDLER_CURSOR frame=102
[02:08:30.033] [ONION] DRAW current=102 onion=51 z_offset=-0.0000 strokes=1
[02:08:30.043] [ONION] DRAW current=102 onion=0 z_offset=0.0101 strokes=1
[02:08:30.070] [CURSOR] HANDLER_CURSOR frame=103
[02:08:30.094] [ONION] DRAW current=103 onion=51 z_offset=-0.0000 strokes=1
[02:08:30.105] [ONION] DRAW current=103 onion=0 z_offset=0.0101 strokes=1
[02:08:30.138] [CURSOR] HANDLER_CURSOR frame=104
[02:08:30.163] [ONION] DRAW current=104 onion=51 z_offset=-0.0000 strokes=1
[02:08:30.174] [ONION] DRAW current=104 onion=0 z_offset=0.0101 strokes=1
[02:08:30.201] [CURSOR] HANDLER_CURSOR frame=105
[02:08:30.226] [ONION] DRAW current=105 onion=51 z_offset=-0.0000 strokes=1
[02:08:30.235] [ONION] DRAW current=105 onion=0 z_offset=0.0101 strokes=1
[02:08:30.260] [CURSOR] HANDLER_CURSOR frame=106
[02:08:30.282] [ONION] DRAW current=106 onion=51 z_offset=-0.0000 strokes=1
[02:08:30.291] [ONION] DRAW current=106 onion=0 z_offset=0.0101 strokes=1
[02:08:30.316] [CURSOR] HANDLER_CURSOR frame=107
[02:08:30.338] [ONION] DRAW current=107 onion=51 z_offset=-0.0000 strokes=1
[02:08:30.348] [ONION] DRAW current=107 onion=0 z_offset=0.0101 strokes=1
[02:08:30.373] [CURSOR] HANDLER_CURSOR frame=108
[02:08:30.396] [ONION] DRAW current=108 onion=51 z_offset=-0.0000 strokes=1
[02:08:30.406] [ONION] DRAW current=108 onion=0 z_offset=0.0101 strokes=1
[02:08:30.433] [CURSOR] HANDLER_CURSOR frame=109
[02:08:30.456] [ONION] DRAW current=109 onion=51 z_offset=-0.0000 strokes=1
[02:08:30.468] [ONION] DRAW current=109 onion=0 z_offset=0.0101 strokes=1
[02:08:30.496] [CURSOR] HANDLER_CURSOR frame=110
[02:08:30.517] [ONION] DRAW current=110 onion=51 z_offset=-0.0000 strokes=1
[02:08:30.528] [ONION] DRAW current=110 onion=0 z_offset=0.0101 strokes=1
[02:08:30.553] [CURSOR] HANDLER_CURSOR frame=111
[02:08:30.577] [ONION] DRAW current=111 onion=51 z_offset=-0.0000 strokes=1
[02:08:30.586] [ONION] DRAW current=111 onion=0 z_offset=0.0101 strokes=1
[02:08:30.613] [CURSOR] HANDLER_CURSOR frame=112
[02:08:30.635] [ONION] DRAW current=112 onion=51 z_offset=-0.0000 strokes=1
[02:08:30.646] [ONION] DRAW current=112 onion=0 z_offset=0.0101 strokes=1
[02:08:30.677] [CURSOR] HANDLER_CURSOR frame=113
[02:08:30.701] [ONION] DRAW current=113 onion=51 z_offset=-0.0000 strokes=1
[02:08:30.712] [ONION] DRAW current=113 onion=0 z_offset=0.0101 strokes=1
[02:08:30.738] [CURSOR] HANDLER_CURSOR frame=114
[02:08:30.761] [ONION] DRAW current=114 onion=51 z_offset=-0.0000 strokes=1
[02:08:30.771] [ONION] DRAW current=114 onion=0 z_offset=0.0101 strokes=1
[02:08:30.795] [CURSOR] HANDLER_CURSOR frame=115
[02:08:30.817] [ONION] DRAW current=115 onion=51 z_offset=-0.0000 strokes=1
[02:08:30.827] [ONION] DRAW current=115 onion=0 z_offset=0.0101 strokes=1
[02:08:30.854] [CURSOR] HANDLER_CURSOR frame=116
[02:08:30.884] [ONION] DRAW current=116 onion=51 z_offset=-0.0000 strokes=1
[02:08:30.894] [ONION] DRAW current=116 onion=0 z_offset=0.0101 strokes=1
[02:08:30.920] [CURSOR] HANDLER_CURSOR frame=117
[02:08:30.945] [ONION] DRAW current=117 onion=51 z_offset=-0.0000 strokes=1
[02:08:30.955] [ONION] DRAW current=117 onion=0 z_offset=0.0101 strokes=1
[02:08:30.979] [CURSOR] HANDLER_CURSOR frame=118
[02:08:31.000] [ONION] DRAW current=118 onion=51 z_offset=-0.0000 strokes=1
[02:08:31.011] [ONION] DRAW current=118 onion=0 z_offset=0.0101 strokes=1
[02:08:31.035] [CURSOR] HANDLER_CURSOR frame=119
[02:08:31.060] [ONION] DRAW current=119 onion=51 z_offset=-0.0000 strokes=1
[02:08:31.069] [ONION] DRAW current=119 onion=0 z_offset=0.0101 strokes=1
[02:08:31.095] [CURSOR] HANDLER_CURSOR frame=120
[02:08:31.118] [ONION] DRAW current=120 onion=51 z_offset=-0.0000 strokes=1
[02:08:31.128] [ONION] DRAW current=120 onion=0 z_offset=0.0101 strokes=1
[02:08:31.155] [CURSOR] HANDLER_CURSOR frame=121
[02:08:31.183] [ONION] DRAW current=121 onion=51 z_offset=-0.0000 strokes=1
[02:08:31.195] [ONION] DRAW current=121 onion=0 z_offset=0.0101 strokes=1
[02:08:31.219] [CURSOR] HANDLER_CURSOR frame=122
[02:08:31.242] [ONION] DRAW current=122 onion=51 z_offset=-0.0000 strokes=1
[02:08:31.251] [ONION] DRAW current=122 onion=0 z_offset=0.0101 strokes=1
[02:08:31.277] [CURSOR] HANDLER_CURSOR frame=123
[02:08:31.297] [ONION] DRAW current=123 onion=51 z_offset=-0.0000 strokes=1
[02:08:31.308] [ONION] DRAW current=123 onion=0 z_offset=0.0101 strokes=1
[02:08:31.331] [CURSOR] HANDLER_CURSOR frame=124
[02:08:31.353] [ONION] DRAW current=124 onion=51 z_offset=-0.0000 strokes=1
[02:08:31.363] [ONION] DRAW current=124 onion=0 z_offset=0.0101 strokes=1
[02:08:31.390] [CURSOR] HANDLER_CURSOR frame=125
[02:08:31.412] [ONION] DRAW current=125 onion=51 z_offset=-0.0000 strokes=1
[02:08:31.421] [ONION] DRAW current=125 onion=0 z_offset=0.0101 strokes=1
[02:08:31.446] [CURSOR] HANDLER_CURSOR frame=126
[02:08:31.467] [ONION] DRAW current=126 onion=51 z_offset=-0.0000 strokes=1
[02:08:31.476] [ONION] DRAW current=126 onion=0 z_offset=0.0101 strokes=1
[02:08:31.501] [CURSOR] HANDLER_CURSOR frame=127
[02:08:31.523] [ONION] DRAW current=127 onion=51 z_offset=-0.0000 strokes=1
[02:08:31.532] [ONION] DRAW current=127 onion=0 z_offset=0.0101 strokes=1
[02:08:31.557] [CURSOR] HANDLER_CURSOR frame=128
[02:08:31.584] [ONION] DRAW current=128 onion=51 z_offset=-0.0000 strokes=1
[02:08:31.596] [ONION] DRAW current=128 onion=0 z_offset=0.0101 strokes=1
[02:08:31.624] [CURSOR] HANDLER_CURSOR frame=129
[02:08:31.653] [ONION] DRAW current=129 onion=51 z_offset=-0.0000 strokes=1
[02:08:31.666] [ONION] DRAW current=129 onion=0 z_offset=0.0101 strokes=1
[02:08:31.695] [CURSOR] HANDLER_CURSOR frame=130
[02:08:31.722] [ONION] DRAW current=130 onion=51 z_offset=-0.0000 strokes=1
[02:08:31.732] [ONION] DRAW current=130 onion=0 z_offset=0.0101 strokes=1
[02:08:31.757] [CURSOR] HANDLER_CURSOR frame=131
[02:08:31.781] [ONION] DRAW current=131 onion=51 z_offset=-0.0000 strokes=1
[02:08:31.791] [ONION] DRAW current=131 onion=0 z_offset=0.0101 strokes=1
[02:08:31.816] [CURSOR] HANDLER_CURSOR frame=132
[02:08:31.839] [ONION] DRAW current=132 onion=51 z_offset=-0.0000 strokes=1
[02:08:31.849] [ONION] DRAW current=132 onion=0 z_offset=0.0101 strokes=1
[02:08:31.888] [ONION] DRAW current=132 onion=51 z_offset=-0.0000 strokes=1
[02:08:31.900] [ONION] DRAW current=132 onion=0 z_offset=0.0101 strokes=1
[02:08:31.929] [ONION] DRAW current=132 onion=51 z_offset=-0.0000 strokes=1
[02:08:31.940] [ONION] DRAW current=132 onion=0 z_offset=0.0101 strokes=1
[02:08:31.966] [ONION] DRAW current=132 onion=51 z_offset=-0.0000 strokes=1
[02:08:31.977] [ONION] DRAW current=132 onion=0 z_offset=0.0101 strokes=1
[02:08:32.002] [ONION] DRAW current=132 onion=51 z_offset=-0.0000 strokes=1
[02:08:32.012] [ONION] DRAW current=132 onion=0 z_offset=0.0101 strokes=1
[02:08:32.037] [ONION] DRAW current=132 onion=51 z_offset=-0.0000 strokes=1
[02:08:32.049] [ONION] DRAW current=132 onion=0 z_offset=0.0101 strokes=1
[02:08:32.075] [ONION] DRAW current=132 onion=51 z_offset=-0.0000 strokes=1
[02:08:32.087] [ONION] DRAW current=132 onion=0 z_offset=0.0101 strokes=1
[02:08:32.111] [ONION] DRAW current=132 onion=51 z_offset=-0.0000 strokes=1
[02:08:32.124] [ONION] DRAW current=132 onion=0 z_offset=0.0101 strokes=1
[02:08:32.149] [ONION] DRAW current=132 onion=51 z_offset=-0.0000 strokes=1
[02:08:32.160] [ONION] DRAW current=132 onion=0 z_offset=0.0101 strokes=1
[02:08:32.186] [ONION] DRAW current=132 onion=51 z_offset=-0.0000 strokes=1
[02:08:32.199] [ONION] DRAW current=132 onion=0 z_offset=0.0101 strokes=1
[02:08:32.228] [ONION] DRAW current=132 onion=51 z_offset=-0.0000 strokes=1
[02:08:32.240] [ONION] DRAW current=132 onion=0 z_offset=0.0101 strokes=1
[02:08:32.266] [ONION] DRAW current=132 onion=51 z_offset=-0.0000 strokes=1
[02:08:32.278] [ONION] DRAW current=132 onion=0 z_offset=0.0101 strokes=1
[02:08:32.307] [ONION] DRAW current=132 onion=51 z_offset=-0.0000 strokes=1
[02:08:32.317] [ONION] DRAW current=132 onion=0 z_offset=0.0101 strokes=1
[02:08:32.344] [ONION] DRAW current=132 onion=51 z_offset=-0.0000 strokes=1
[02:08:32.356] [ONION] DRAW current=132 onion=0 z_offset=0.0101 strokes=1
[02:08:32.382] [ONION] DRAW current=132 onion=51 z_offset=-0.0000 strokes=1
[02:08:32.392] [ONION] DRAW current=132 onion=0 z_offset=0.0101 strokes=1
[02:08:32.416] [ONION] DRAW current=132 onion=51 z_offset=-0.0000 strokes=1
[02:08:32.427] [ONION] DRAW current=132 onion=0 z_offset=0.0101 strokes=1
[02:08:32.452] [ONION] DRAW current=132 onion=51 z_offset=-0.0000 strokes=1
[02:08:32.462] [ONION] DRAW current=132 onion=0 z_offset=0.0101 strokes=1
[02:08:32.489] [ONION] DRAW current=132 onion=51 z_offset=-0.0000 strokes=1
[02:08:32.500] [ONION] DRAW current=132 onion=0 z_offset=0.0101 strokes=1
[02:08:32.526] [ONION] DRAW current=132 onion=51 z_offset=-0.0000 strokes=1
[02:08:32.537] [ONION] DRAW current=132 onion=0 z_offset=0.0101 strokes=1
[02:08:32.562] [ONION] DRAW current=132 onion=51 z_offset=-0.0000 strokes=1
[02:08:32.574] [ONION] DRAW current=132 onion=0 z_offset=0.0101 strokes=1
[02:08:34.744] [ONION] DRAW current=132 onion=51 z_offset=-0.0000 strokes=1
[02:08:34.757] [ONION] DRAW current=132 onion=0 z_offset=0.0101 strokes=1
[02:08:34.789] [ONION] DRAW current=132 onion=51 z_offset=-0.0000 strokes=1
[02:08:34.802] [ONION] DRAW current=132 onion=0 z_offset=0.0101 strokes=1
